2022-04-26T23:37:15.461Z [store-api-sql] info API started!
2022-04-26T23:39:48.757Z [store-api-sql] info API started!
2022-04-26T23:39:54.946Z [store-api-sql] info API started!
2022-04-26T23:40:09.244Z [store-api-sql] info API started!
2022-04-26T23:40:28.703Z [store-api-sql] info API started!
2022-04-26T23:40:38.454Z [store-api-sql] info API started!
2022-04-26T23:41:47.961Z [store-api-sql] info API started!
2022-04-26T23:41:57.606Z [store-api-sql] info API started!
2022-04-26T23:42:09.561Z [store-api-sql] info API started!
2022-04-26T23:42:15.364Z [store-api-sql] info API started!
2022-04-26T23:42:27.039Z [store-api-sql] info API started!
2022-04-26T23:42:38.030Z [store-api-sql] info API started!
2022-04-26T23:42:46.773Z [store-api-sql] info API started!
2022-04-26T23:42:52.937Z [store-api-sql] info API started!
2022-04-26T23:42:57.582Z [store-api-sql] info API started!
2022-04-26T23:43:15.317Z [store-api-sql] info API started!
2022-04-26T23:43:21.753Z [store-api-sql] info API started!
2022-04-26T23:43:27.774Z [store-api-sql] info API started!
2022-04-26T23:43:38.256Z [store-api-sql] info API started!
2022-04-26T23:43:43.699Z [store-api-sql] info API started!
2022-04-26T23:44:06.684Z [store-api-sql] info API started!
2022-04-26T23:44:17.397Z [store-api-sql] info API started!
2022-04-26T23:44:29.831Z [store-api-sql] info API started!
2022-04-26T23:44:45.945Z [store-api-sql] info API started!
2022-04-26T23:45:11.140Z [store-api-sql] info API started!
2022-04-26T23:45:33.134Z [store-api-sql] info API started!
2022-04-26T23:45:49.073Z [store-api-sql] info API started!
2022-04-26T23:46:30.956Z [store-api-sql] info API started!
2022-04-26T23:46:36.376Z [store-api-sql] info API started!
2022-04-26T23:47:29.466Z [store-api-sql] info API started!
2022-04-26T23:47:33.072Z [store-api-sql] info API started!
2022-04-26T23:47:56.737Z [store-api-sql] info API started!
2022-04-26T23:48:22.258Z [store-api-sql] info API started!
2022-04-26T23:49:19.455Z [store-api-sql] info API started!
2022-04-26T23:49:35.605Z [store-api-sql] info API started!
2022-04-26T23:50:31.432Z [store-api-sql] info API started!
2022-04-26T23:50:38.640Z [store-api-sql] info API started!
2022-04-26T23:51:03.632Z [store-api-sql] info API started!
2022-04-26T23:51:10.434Z [store-api-sql] info API started!
2022-04-26T23:51:14.405Z [store-api-sql] info API started!
2022-04-26T23:51:20.107Z [store-api-sql] info API started!
2022-04-26T23:51:29.433Z [store-api-sql] info API started!2022-04-27T00:17:39.616Z [store-api-sql] info API started!
2022-04-27T00:17:55.015Z [store-api-sql] error POST  - ClientRepository.createClient is not a function
2022-04-27T00:18:16.345Z [store-api-sql] info API started!
2022-04-27T00:18:19.030Z [store-api-sql] info POST /client - {"name":"Teste","cpf":"11122233344","phone":"0123456789","email":"teste@teste.com","address":"Teste teste, 111"}
2022-04-27T00:22:41.900Z [store-api-sql] info API started!
2022-04-27T00:22:43.694Z [store-api-sql] error POST  - ClientRepository.insertClient is not a function
2022-04-27T00:22:53.935Z [store-api-sql] info API started!
2022-04-27T00:22:56.719Z [store-api-sql] info POST /client - {"name":"Teste","cpf":"11122233344","phone":"0123456789","email":"teste@teste.com","address":"Teste teste, 111"}
2022-04-27T00:24:47.400Z [store-api-sql] info POST /client - {"name":"Teste","cpf":"11122233344","phone":"0123456789","email":"teste@teste.com","address":"Teste teste, 111"}
2022-04-27T00:25:10.596Z [store-api-sql] info API started!
2022-04-27T00:25:30.855Z [store-api-sql] info API started!
2022-04-27T00:25:36.505Z [store-api-sql] info API started!
2022-04-27T00:25:42.081Z [store-api-sql] info API started!
2022-04-27T00:25:55.430Z [store-api-sql] info API started!
2022-04-27T00:26:12.347Z [store-api-sql] info API started!
2022-04-27T00:26:19.484Z [store-api-sql] info API started!
2022-04-27T00:26:23.093Z [store-api-sql] info API started!
2022-04-27T00:26:44.309Z [store-api-sql] info API started!
2022-04-27T00:26:59.395Z [store-api-sql] info API started!
2022-04-27T00:27:03.349Z [store-api-sql] info API started!
2022-04-27T00:27:25.803Z [store-api-sql] info API started!
2022-04-27T00:27:38.518Z [store-api-sql] info API started!
2022-04-27T00:27:58.145Z [store-api-sql] info API started!
2022-04-27T00:28:08.129Z [store-api-sql] error GET  - conn is not defined
2022-04-27T00:28:20.742Z [store-api-sql] info API started!
2022-04-27T00:28:22.197Z [store-api-sql] info API started!
2022-04-27T00:29:00.197Z [store-api-sql] info API started!
2022-04-27T00:29:10.614Z [store-api-sql] info API started!
2022-04-27T00:29:27.107Z [store-api-sql] info API started!
2022-04-27T10:17:38.532Z [store-api-sql] info API started!
2022-04-27T10:17:42.425Z [store-api-sql] info POST /client - {"name":"Teste","cpf":"11122233344","phone":"0123456789","email":"teste@teste.com","address":"Teste teste, 111"}
2022-04-27T10:17:48.108Z [store-api-sql] info GET /client
2022-04-27T10:18:03.309Z [store-api-sql] info GET /client
2022-04-27T10:18:29.773Z [store-api-sql] info API started!
2022-04-27T10:18:30.791Z [store-api-sql] info GET /client - id: 1
2022-04-27T10:18:59.537Z [store-api-sql] info API started!
2022-04-27T10:19:17.081Z [store-api-sql] info API started!
2022-04-27T10:19:36.018Z [store-api-sql] info API started!
2022-04-27T10:19:53.445Z [store-api-sql] info API started!
2022-04-27T10:20:05.896Z [store-api-sql] info API started!
2022-04-27T10:20:17.746Z [store-api-sql] info API started!
2022-04-27T10:20:30.205Z [store-api-sql] info API started!
2022-04-27T10:20:41.882Z [store-api-sql] info API started!
2022-04-27T10:21:09.102Z [store-api-sql] info GET /client
2022-04-27T10:21:16.790Z [store-api-sql] info GET /client - id: 3
2022-04-27T10:21:32.294Z [store-api-sql] info DELETE /client - id: 3
2022-04-27T10:21:38.069Z [store-api-sql] info GET /client - id: 3
2022-04-27T10:21:41.328Z [store-api-sql] info GET /client
2022-04-27T10:21:58.256Z [store-api-sql] info API started!
2022-04-27T10:22:05.258Z [store-api-sql] info API started!
2022-04-27T10:22:12.644Z [store-api-sql] info API started!
2022-04-27T10:22:21.801Z [store-api-sql] info API started!
2022-04-27T10:22:35.015Z [store-api-sql] info API started!
2022-04-27T10:22:44.641Z [store-api-sql] info API started!
2022-04-27T10:23:02.203Z [store-api-sql] info API started!
2022-04-27T10:23:09.232Z [store-api-sql] info API started!
2022-04-27T10:23:28.708Z [store-api-sql] info API started!
2022-04-27T10:24:02.844Z [store-api-sql] error PUT  - Client ID, Name, CPF, Phone, Email e Address são obrigatórios.
2022-04-27T10:24:56.912Z [store-api-sql] error PUT  - Client ID, Name, CPF, Phone, Email e Address são obrigatórios.
2022-04-27T10:25:47.401Z [store-api-sql] info API started!
2022-04-27T10:25:59.645Z [store-api-sql] info API started!
2022-04-27T10:26:00.918Z [store-api-sql] info API started!
2022-04-27T10:26:19.265Z [store-api-sql] info API started!
2022-04-27T10:26:26.122Z [store-api-sql] info API started!
2022-04-27T10:26:28.879Z [store-api-sql] error PUT  - Client ID, Name, CPF, Phone, Email e Address são obrigatórios.
2022-04-27T10:26:45.275Z [store-api-sql] info GET /client
2022-04-27T10:26:50.113Z [store-api-sql] info GET /client - id: 2
2022-04-27T10:26:54.134Z [store-api-sql] info PUT /client - {"client_id":2,"name":"Teste Atualizado","cpf":"77766655544","phone":"432185025","email":"testea@teste.com","address":"Teste atualizado, 333"}
2022-04-27T10:26:57.599Z [store-api-sql] info GET /client - id: 2
2022-04-27T10:27:00.403Z [store-api-sql] info GET /client
2022-04-27T10:28:10.477Z [store-api-sql] info API started!
2022-04-27T10:28:41.183Z [store-api-sql] info POST /client - {"name":"Teste","cpf":"11122233344","phone":"0123456789","email":"teste@teste.com","address":"Teste teste, 111"}
2022-04-27T10:28:49.178Z [store-api-sql] info GET /client
2022-04-27T10:28:54.145Z [store-api-sql] info GET /client - id: 2
2022-04-27T10:28:59.632Z [store-api-sql] info DELETE /client - id: 3
2022-04-27T10:29:03.306Z [store-api-sql] info PUT /client - {"client_id":2,"name":"Teste Atualizado","cpf":"77766655544","phone":"432185025","email":"testea@teste.com","address":"Teste atualizado, 333"}
2022-04-27T10:30:37.164Z [store-api-sql] info API started!
2022-04-27T10:30:46.651Z [store-api-sql] info API started!
2022-04-27T10:31:18.103Z [store-api-sql] info API started!
2022-04-27T10:31:25.484Z [store-api-sql] info API started!
2022-04-27T10:31:33.082Z [store-api-sql] info API started!
2022-04-27T10:31:48.354Z [store-api-sql] info API started!
2022-04-27T10:31:53.173Z [store-api-sql] info API started!
2022-04-27T10:32:02.951Z [store-api-sql] info API started!
2022-04-27T10:32:17.323Z [store-api-sql] info API started!
2022-04-27T10:32:27.952Z [store-api-sql] info API started!
2022-04-27T10:32:37.578Z [store-api-sql] info API started!
2022-04-27T10:32:50.706Z [store-api-sql] info API started!
2022-04-27T10:35:29.928Z [store-api-sql] info API started!
2022-04-27T10:35:40.745Z [store-api-sql] info API started!
2022-04-29T00:27:24.091Z [store-api-sql] info API started!
2022-04-29T00:28:53.324Z [store-api-sql] info POST /supplier - {"name":"000000","cnpj":"00000000","phone":"0000","email":"000@teste.com","address":"Teste 000, 0000"}
2022-04-29T00:29:08.733Z [store-api-sql] info POST /supplier - {"name":"000000","cnpj":"00000000","phone":"0000","email":"000@teste.com","address":"Teste 000, 0000"}
2022-04-29T00:29:18.844Z [store-api-sql] info GET /supplier
2022-04-29T00:29:27.907Z [store-api-sql] info GET /supplier - id: 4
2022-04-29T00:29:36.056Z [store-api-sql] info DELETE /supplier - id: 4
2022-04-29T00:29:39.105Z [store-api-sql] info GET /supplier - id: 4
2022-04-29T00:29:41.264Z [store-api-sql] info GET /supplier
2022-04-29T00:30:04.362Z [store-api-sql] error PUT  - Supplier ID, name, cnpj, phone, email e address são obrigatórios.
2022-04-29T00:30:26.709Z [store-api-sql] info PUT /supplier - {"supplier_id":5,"name":"Teste Atualizado","cnpj":"5555555555","phone":"5555555","email":"teste5a@teste.com","address":"Teste atualizado, 555"}
2022-04-29T00:32:24.186Z [store-api-sql] info API started!
2022-04-29T00:32:31.250Z [store-api-sql] info API started!
2022-04-29T00:32:49.357Z [store-api-sql] info API started!
2022-04-29T00:33:07.542Z [store-api-sql] info API started!
2022-04-29T00:33:13.752Z [store-api-sql] info API started!
2022-04-29T00:33:18.998Z [store-api-sql] info API started!
2022-04-29T00:34:15.149Z [store-api-sql] info API started!
2022-04-29T00:34:46.998Z [store-api-sql] info API started!
2022-04-29T00:37:00.268Z [store-api-sql] info API started!
2022-04-29T00:37:08.205Z [store-api-sql] info API started!
2022-04-29T00:37:21.750Z [store-api-sql] info API started!
2022-04-29T00:37:33.808Z [store-api-sql] info API started!
2022-04-29T00:38:36.527Z [store-api-sql] info API started!
2022-04-29T00:39:17.100Z [store-api-sql] info API started!
2022-04-29T00:39:24.545Z [store-api-sql] info API started!
2022-04-29T00:39:29.963Z [store-api-sql] info API started!
2022-04-29T00:39:41.891Z [store-api-sql] info API started!
2022-04-29T00:40:38.328Z [store-api-sql] info API started!
2022-04-29T00:41:04.092Z [store-api-sql] info POST /client - {"name":"Teste xxx","cpf":"xxxxxx","phone":"xxxxxx","email":"xxxx@teste.com","address":"Teste xxx, 11xxx1"}
2022-04-29T00:41:07.177Z [store-api-sql] info GET /client
2022-04-29T00:41:11.493Z [store-api-sql] info GET /client - id: 2
2022-04-29T00:41:14.592Z [store-api-sql] info GET /client - id: 10
2022-04-29T00:41:21.241Z [store-api-sql] info PUT /client - {"client_id":10,"name":"Teste Atualizado","cpf":"77766655544","phone":"432185025","email":"testea@teste.com","address":"Teste atualizado, 333"}
2022-04-29T00:41:24.061Z [store-api-sql] info GET /client - id: 10
2022-04-29T00:41:39.410Z [store-api-sql] info GET /client - id: 9
2022-04-29T00:41:43.184Z [store-api-sql] info DELETE /client - id: 9
2022-04-29T00:41:45.377Z [store-api-sql] info GET /client - id: 9
2022-04-29T00:41:59.841Z [store-api-sql] info POST /supplier - {"name":"1111111","cnpj":"111111111","phone":"111111","email":"11111@teste.com","address":"Teste 11111, 11111"}
2022-04-29T00:42:02.914Z [store-api-sql] info GET /supplier
2022-04-29T00:42:08.251Z [store-api-sql] info GET /supplier - id: 6
2022-04-29T00:42:16.157Z [store-api-sql] info DELETE /supplier - id: 6
2022-04-29T00:42:23.016Z [store-api-sql] info GET /supplier - id: 6
2022-04-29T00:42:36.937Z [store-api-sql] info GET /supplier - id: 1
2022-04-29T00:42:41.772Z [store-api-sql] info PUT /supplier - {"supplier_id":1,"name":"Teste Atualizado","cnpj":"5555555555","phone":"5555555","email":"teste5a@teste.com","address":"Teste atualizado, 555"}
2022-04-29T00:42:43.801Z [store-api-sql] info GET /supplier - id: 1
2022-04-29T00:45:07.983Z [store-api-sql] info GET /supplier
2022-04-29T00:45:22.115Z [store-api-sql] info POST /product - {"name":"Notebook Acer","description":"Notebook Acer i7 8GB","value":4999.99,"stock":10,"supplier_id":1}
2022-04-29T00:45:26.329Z [store-api-sql] info GET /product
2022-04-29T00:45:48.094Z [store-api-sql] error POST  - insert or update on table "products" violates foreign key constraint "fk_suppliers"
2022-04-29T00:46:37.872Z [store-api-sql] info POST /product - {"name":"Notebook Dell","description":"Notebook Dell i7 8GB","value":3000,"stock":5,"supplier_id":2}
2022-04-29T00:46:40.227Z [store-api-sql] info GET /product
2022-04-29T00:46:44.581Z [store-api-sql] info GET /product - id: 2
2022-04-29T00:46:59.956Z [store-api-sql] info POST /product - {"name":"Notebook Dell","description":"Notebook Dell i7 8GB","value":3000,"stock":5,"supplier_id":2}
2022-04-29T00:47:03.416Z [store-api-sql] info GET /product
2022-04-29T00:47:08.490Z [store-api-sql] info GET /product - id: 2
2022-04-29T00:47:11.212Z [store-api-sql] info GET /product - id: 3
2022-04-29T00:47:17.726Z [store-api-sql] error POST  - insert or update on table "products" violates foreign key constraint "fk_suppliers"
2022-04-29T00:47:18.502Z [store-api-sql] error POST  - insert or update on table "products" violates foreign key constraint "fk_suppliers"
2022-04-29T00:47:19.704Z [store-api-sql] error POST  - insert or update on table "products" violates foreign key constraint "fk_suppliers"
2022-04-29T00:47:23.851Z [store-api-sql] info POST /product - {"name":"Notebook Dell","description":"Notebook Dell i7 8GB","value":3000,"stock":5,"supplier_id":2}
2022-04-29T00:48:48.071Z [store-api-sql] info GET /product
2022-04-29T00:48:55.568Z [store-api-sql] info GET /product - id: 3
2022-04-29T00:49:00.710Z [store-api-sql] info PUT /product - {"product_id":3,"name":"Notebook Teste","description":"Notebook Teste i7 8GB","value":7000,"stock":7,"supplier_id":2}
2022-04-29T00:49:08.145Z [store-api-sql] info GET /product - id: 3
2022-04-29T00:49:12.088Z [store-api-sql] info GET /product
2022-04-29T00:50:57.788Z [store-api-sql] info API started!
2022-04-29T00:51:01.705Z [store-api-sql] error POST  - ProductRepository.createProduct is not a function
2022-04-29T00:51:20.221Z [store-api-sql] info API started!
2022-04-29T00:51:22.375Z [store-api-sql] info POST /product - {"name":"Notebook Dell","description":"Notebook Dell i7 8GB","value":3000,"stock":5,"supplier_id":2}
2022-04-29T00:51:26.425Z [store-api-sql] error POST  - insert or update on table "products" violates foreign key constraint "fk_suppliers"
2022-04-29T00:51:27.110Z [store-api-sql] error POST  - insert or update on table "products" violates foreign key constraint "fk_suppliers"
2022-04-29T00:51:27.773Z [store-api-sql] error POST  - insert or update on table "products" violates foreign key constraint "fk_suppliers"
2022-04-29T00:51:30.030Z [store-api-sql] info POST /product - {"name":"Notebook Dell","description":"Notebook Dell i7 8GB","value":3000,"stock":5,"supplier_id":2}
2022-04-29T00:51:40.118Z [store-api-sql] info API started!
2022-04-29T00:51:45.420Z [store-api-sql] error POST  - insert or update on table "products" violates foreign key constraint "fk_suppliers"
2022-04-29T00:52:00.574Z [store-api-sql] info GET /product
2022-04-29T00:52:08.967Z [store-api-sql] info DELETE /product - id: 3
2022-04-29T00:52:11.459Z [store-api-sql] info GET /product
2022-04-29T00:52:18.507Z [store-api-sql] info GET /product - id: 3
2022-04-29T00:57:01.381Z [store-api-sql] error POST  - insert or update on table "products" violates foreign key constraint "fk_suppliers"
2022-04-29T00:58:05.855Z [store-api-sql] info API started!
2022-04-29T00:58:21.328Z [store-api-sql] info API started!
2022-04-29T00:59:19.613Z [store-api-sql] info API started!
2022-04-29T00:59:28.196Z [store-api-sql] info API started!
2022-04-29T00:59:54.503Z [store-api-sql] info API started!
2022-04-29T00:59:56.133Z [store-api-sql] info API started!
2022-04-29T01:00:35.324Z [store-api-sql] info GET /supplier - id: 1
2022-04-29T01:00:44.000Z [store-api-sql] info GET /supplier - id: 100
2022-04-29T01:01:36.686Z [store-api-sql] error POST  - O supplier_id informado não existe.
2022-04-29T01:01:43.852Z [store-api-sql] info POST /product - {"name":"Notebook Dell","description":"Notebook Dell i7 8GB","value":3000,"stock":5,"supplier_id":2}
2022-04-29T01:01:47.725Z [store-api-sql] error POST  - O supplier_id informado não existe.
2022-04-29T01:01:48.329Z [store-api-sql] error POST  - O supplier_id informado não existe.
2022-04-29T01:01:51.541Z [store-api-sql] info POST /product - {"name":"Notebook Dell","description":"Notebook Dell i7 8GB","value":3000,"stock":5,"supplier_id":2}
2022-04-29T01:02:03.905Z [store-api-sql] info API started!
2022-04-29T01:02:10.313Z [store-api-sql] info API started!
2022-04-29T01:02:11.271Z [store-api-sql] info API started!
